app/build/outputs/logs/manifest-merger-debug-report.txt
-- Merging decision tree log ---
manifest
ADDED from src\main\AndroidManifest.xml:2:1-284:12
INJECTED from src\main\AndroidManifest.xml:2:1-284:12
INJECTED from src\main\AndroidManifest.xml:2:1-284:12
INJECTED from src\main\AndroidManifest.xml:2:1-284:12
MERGED from [com.tamic:browse:1.0.0] AndroidManifest.xml:2:1-16:12
MERGED from [com.tencent.bugly:crashreport:3.0.0] AndroidManifest.xml:2:1-9:12
MERGED from [com.tencent.bugly:nativecrashreport:3.7.1] AndroidManifest.xml:2:1-9:12
MERGED from [com.github.chrisbanes:PhotoView:1.2.6] AndroidManifest.xml:2:1-12:12
MERGED from [com.orhanobut:logger:2.2.0] AndroidManifest.xml:2:1-8:12
MERGED from [com.yanzhenjie:recyclerview-swipe:1.1.4] AndroidManifest.xml:17:1-25:12
MERGED from [com.trello.rxlifecycle2:rxlifecycle-components:2.1.0] AndroidManifest.xml:13:1-19:12
MERGED from [android.arch.persistence.room:rxjava2:1.1.1] AndroidManifest.xml:17:1-22:12
MERGED from [com.trello.rxlifecycle2:rxlifecycle-navi:2.1.0] AndroidManifest.xml:13:1-19:12
MERGED from [com.trello.rxlifecycle2:rxlifecycle-android:2.1.0] AndroidManifest.xml:13:1-19:12
MERGED from [io.reactivex.rxjava2:rxandroid:2.1.1] AndroidManifest.xml:15:1-20:12
MERGED from [android.arch.lifecycle:reactivestreams:1.1.1] AndroidManifest.xml:17:1-22:12
MERGED from [android.arch.lifecycle:extensions:1.1.1] AndroidManifest.xml:17:1-30:12
MERGED from [com.jakewharton:butterknife:8.5.1] AndroidManifest.xml:2:1-7:12
MERGED from [com.google.android:flexbox:0.3.0] AndroidManifest.xml:17:1-27:12
MERGED from [com.jaeger.statusbarutil:library:1.4.0] AndroidManifest.xml:2:1-13:12
MERGED from [com.android.support:design:27.1.0] AndroidManifest.xml:17:1-22:12
MERGED from [com.android.support:transition:27.1.0] AndroidManifest.xml:17:1-22:12
MERGED from [:CallKit] AndroidManifest.xml:2:1-71:12
MERGED from [:RCSticker] AndroidManifest.xml:2:1-17:12
MERGED from [:IMKit] AndroidManifest.xml:2:1-103:12
MERGED from [com.zhihu.android:matisse:0.5.0-alpha4] AndroidManifest.xml:17:1-33:12
MERGED from [com.android.support:support-v4:27.1.0] AndroidManifest.xml:17:1-22:12
MERGED from [liji.library.dev:citypickerview:3.1.13] AndroidManifest.xml:2:1-37:12
MERGED from [com.android.support:recyclerview-v7:27.1.0] AndroidManifest.xml:17:1-22:12
MERGED from [com.android.support:support-media-compat:27.1.0] AndroidManifest.xml:17:1-22:12
MERGED from [android.arch.persistence.room:runtime:1.1.1] AndroidManifest.xml:17:1-22:12
MERGED from [com.zhy:mpermission-api:1.0.1] AndroidManifest.xml:2:1-16:12
MERGED from [com.trello:rxlifecycle-components:0.3.1] AndroidManifest.xml:13:1-19:12
MERGED from [com.jwenfeng.library:PullToDetails:1.0.0] AndroidManifest.xml:2:1-11:12
MERGED from [com.android.support:appcompat-v7:27.1.0] AndroidManifest.xml:17:1-22:12
MERGED from [com.android.support:support-fragment:27.1.0] AndroidManifest.xml:17:1-22:12
MERGED from [com.android.support:animated-vector-drawable:27.1.0] AndroidManifest.xml:17:1-22:12
MERGED from [com.android.support:support-core-ui:27.1.0] AndroidManifest.xml:17:1-22:12
MERGED from [com.android.support:support-core-utils:27.1.0] AndroidManifest.xml:17:1-22:12
MERGED from [com.android.support:support-vector-drawable:27.1.0] AndroidManifest.xml:17:1-22:12
MERGED from [:IMLib] AndroidManifest.xml:2:1-82:12
MERGED from [:CallLib] AndroidManifest.xml:2:1-24:12
MERGED from [com.android.support:support-compat:27.1.0] AndroidManifest.xml:17:1-22:12
MERGED from [android.arch.lifecycle:runtime:1.1.1] AndroidManifest.xml:17:1-22:12
MERGED from [com.android.support:multidex:1.0.2] AndroidManifest.xml:17:1-22:12
MERGED from [com.android.support:cardview-v7:27.0.2] AndroidManifest.xml:17:1-22:12
MERGED from [com.android.support.constraint:constraint-layout:1.0.2] AndroidManifest.xml:2:1-11:12
MERGED from [com.trello:rxlifecycle:0.3.1] AndroidManifest.xml:13:1-19:12
MERGED from [com.lzy.net:okgo:3.0.4] AndroidManifest.xml:17:1-31:12
MERGED from [com.facebook.stetho:stetho-okhttp3:1.4.2] AndroidManifest.xml:2:1-13:12
MERGED from [com.facebook.stetho:stetho:1.4.2] AndroidManifest.xml:2:1-13:12
MERGED from [com.tbruyelle.rxpermissions:rxpermissions:0.7.0] AndroidManifest.xml:2:1-17:12
MERGED from [com.jakewharton.rxbinding:rxbinding:1.0.1] AndroidManifest.xml:2:1-8:12
MERGED from [com.wang.avi:library:2.1.3] AndroidManifest.xml:2:1-11:12
MERGED from [com.contrarywind:Android-PickerView:4.1.6] AndroidManifest.xml:2:1-11:12
MERGED from [com.scwang.smartrefresh:SmartRefreshLayout:1.1.0-alpha-7] AndroidManifest.xml:2:1-17:12
MERGED from [com.scwang.smartrefresh:SmartRefreshHeader:1.1.0-alpha-7] AndroidManifest.xml:2:1-17:12
MERGED from [cn.jzvd:jiaozivideoplayer:6.4.1] AndroidManifest.xml:2:1-13:12
MERGED from [:alipaySdk-15.6.2-20190416165100-noUtdid:] AndroidManifest.xml:2:1-70:12
MERGED from [com.trello.navi2:navi:2.0] AndroidManifest.xml:2:1-8:12
MERGED from [android.arch.persistence:db-framework:1.1.1] AndroidManifest.xml:17:1-22:12
MERGED from [android.arch.persistence:db:1.1.1] AndroidManifest.xml:17:1-22:12
MERGED from [android.arch.lifecycle:livedata:1.1.1] AndroidManifest.xml:17:1-22:12
MERGED from [android.arch.lifecycle:livedata-core:1.1.1] AndroidManifest.xml:17:1-22:12
MERGED from [android.arch.core:runtime:1.1.1] AndroidManifest.xml:17:1-22:12
MERGED from [com.android.support:exifinterface:26.0.0] AndroidManifest.xml:17:1-28:12
MERGED from [android.arch.lifecycle:viewmodel:1.1.1] AndroidManifest.xml:17:1-22:12
MERGED from [com.yanzhenjie:loading:1.0.2] AndroidManifest.xml:17:1-25:12
MERGED from [io.reactivex:rxandroid:1.2.1] AndroidManifest.xml:15:1-21:12
MERGED from [it.sephiroth.android.library.imagezoom:library:1.0.4] AndroidManifest.xml:1:106-7:12
MERGED from [com.contrarywind:wheelview:4.0.8] AndroidManifest.xml:2:1-17:12
MERGED from [it.sephiroth.android.library.easing:library:1.0.2] AndroidManifest.xml:1:116-8:12
INJECTED from src\main\AndroidManifest.xml:2:1-284:12
INJECTED from src\main\AndroidManifest.xml:2:1-284:12
INJECTED from src\main\AndroidManifest.xml:2:1-284:12
	package
		ADDED from src\main\AndroidManifest.xml:3:5-31
		INJECTED from src\main\AndroidManifest.xml
		INJECTED from src\main\AndroidManifest.xml
	android:versionName
		INJECTED from src\main\AndroidManifest.xml
		ADDED from src\main\AndroidManifest.xml:2:1-284:12
		INJECTED from src\main\AndroidManifest.xml
	android:versionCode
		INJECTED from src\main\AndroidManifest.xml
		ADDED from src\main\AndroidManifest.xml:2:1-284:12
		INJECTED from src\main\AndroidManifest.xml
	xmlns:android
		ADDED from src\main\AndroidManifest.xml:2:11-69
uses-permission#android.permission.REQUEST_INSTALL_PACKAGES
ADDED from src\main\AndroidManifest.xml:6:5-83
MERGED from [:IMKit] AndroidManifest.xml:23:5-83
MERGED from [:IMKit] AndroidManifest.xml:23:5-83
	android:name
		ADDED from src\main\AndroidManifest.xml:6:22-80
uses-permission#android.permission.WRITE_EXTERNAL_STORAGE
ADDED from src\main\AndroidManifest.xml:8:5-81
MERGED from [:CallKit] AndroidManifest.xml:17:5-81
MERGED from [:CallKit] AndroidManifest.xml:17:5-81
MERGED from [com.zhihu.android:matisse:0.5.0-alpha4] AndroidManifest.xml:24:5-81
MERGED from [com.zhihu.android:matisse:0.5.0-alpha4] AndroidManifest.xml:24:5-81
MERGED from [:IMLib] AndroidManifest.xml:11:5-81
MERGED from [:IMLib] AndroidManifest.xml:11:5-81
MERGED from [:CallLib] AndroidManifest.xml:17:5-81
MERGED from [:CallLib] AndroidManifest.xml:17:5-81
MERGED from [com.lzy.net:okgo:3.0.4] AndroidManifest.xml:28:5-81
MERGED from [com.lzy.net:okgo:3.0.4] AndroidManifest.xml:28:5-81
MERGED from [:alipaySdk-15.6.2-20190416165100-noUtdid:] AndroidManifest.xml:22:5-81
MERGED from [:alipaySdk-15.6.2-20190416165100-noUtdid:] AndroidManifest.xml:22:5-81
	android:name
		ADDED from src\main\AndroidManifest.xml:8:22-78
uses-permission#android.permission.READ_EXTERNAL_STORAGE
ADDED from src\main\AndroidManifest.xml:9:5-80
MERGED from [:CallKit] AndroidManifest.xml:19:5-80
MERGED from [:CallKit] AndroidManifest.xml:19:5-80
MERGED from [:IMKit] AndroidManifest.xml:11:5-80
MERGED from [:IMKit] AndroidManifest.xml:11:5-80
MERGED from [com.zhihu.android:matisse:0.5.0-alpha4] AndroidManifest.xml:25:5-80
MERGED from [com.zhihu.android:matisse:0.5.0-alpha4] AndroidManifest.xml:25:5-80
MERGED from [com.lzy.net:okgo:3.0.4] AndroidManifest.xml:27:5-80
MERGED from [com.lzy.net:okgo:3.0.4] AndroidManifest.xml:27:5-80
	android:name
		ADDED from src\main\AndroidManifest.xml:9:22-77
uses-permission#android.permission.INTERNET
ADDED from src\main\AndroidManifest.xml:11:5-67
MERGED from [:IMLib] AndroidManifest.xml:12:5-67
MERGED from [:IMLib] AndroidManifest.xml:12:5-67
MERGED from [:CallLib] AndroidManifest.xml:16:5-67
MERGED from [:CallLib] AndroidManifest.xml:16:5-67
MERGED from [com.lzy.net:okgo:3.0.4] AndroidManifest.xml:26:5-67
MERGED from [com.lzy.net:okgo:3.0.4] AndroidManifest.xml:26:5-67
MERGED from [:alipaySdk-15.6.2-20190416165100-noUtdid:] AndroidManifest.xml:18:5-67
MERGED from [:alipaySdk-15.6.2-20190416165100-noUtdid:] AndroidManifest.xml:18:5-67
	android:name
		ADDED from src\main\AndroidManifest.xml:11:22-64
uses-permission#android.permission.CHANGE_NETWORK_STATE
ADDED from src\main\AndroidManifest.xml:12:5-79
MERGED from [:CallLib] AndroidManifest.xml:12:5-79
MERGED from [:CallLib] AndroidManifest.xml:12:5-79
	android:name
		ADDED from src\main\AndroidManifest.xml:12:22-76
uses-permission#android.permission.CHANGE_WIFI_STATE
ADDED from src\main\AndroidManifest.xml:13:5-76
MERGED from [:IMKit] AndroidManifest.xml:18:5-76
MERGED from [:IMKit] AndroidManifest.xml:18:5-76
	android:name
		ADDED from src\main\AndroidManifest.xml:13:22-73
uses-permission#android.permission.ACCESS_NETWORK_STATE
ADDED from src\main\AndroidManifest.xml:14:5-79
MERGED from [:IMLib] AndroidManifest.xml:13:5-79
MERGED from [:IMLib] AndroidManifest.xml:13:5-79
MERGED from [:CallLib] AndroidManifest.xml:18:5-79
MERGED from [:CallLib] AndroidManifest.xml:18:5-79
MERGED from [cn.jzvd:jiaozivideoplayer:6.4.1] AndroidManifest.xml:11:5-79
MERGED from [cn.jzvd:jiaozivideoplayer:6.4.1] AndroidManifest.xml:11:5-79
MERGED from [:alipaySdk-15.6.2-20190416165100-noUtdid:] AndroidManifest.xml:19:5-79
MERGED from [:alipaySdk-15.6.2-20190416165100-noUtdid:] AndroidManifest.xml:19:5-79
	android:name
		ADDED from src\main\AndroidManifest.xml:14:22-76
uses-permission#android.permission.ACCESS_WIFI_STATE
ADDED from src\main\AndroidManifest.xml:15:5-76
MERGED from [:IMLib] AndroidManifest.xml:14:5-76
MERGED from [:IMLib] AndroidManifest.xml:14:5-76
MERGED from [:alipaySdk-15.6.2-20190416165100-noUtdid:] AndroidManifest.xml:20:5-76
MERGED from [:alipaySdk-15.6.2-20190416165100-noUtdid:] AndroidManifest.xml:20:5-76
	android:name
		ADDED from src\main\AndroidManifest.xml:15:22-73
uses-permission#android.permission.READ_PHONE_STATE
ADDED from src\main\AndroidManifest.xml:18:5-75
MERGED from [:CallKit] AndroidManifest.xml:18:5-75
MERGED from [:CallKit] AndroidManifest.xml:18:5-75
MERGED from [:alipaySdk-15.6.2-20190416165100-noUtdid:] AndroidManifest.xml:21:5-75
MERGED from [:alipaySdk-15.6.2-20190416165100-noUtdid:] AndroidManifest.xml:21:5-75
	android:name
		ADDED from src\main\AndroidManifest.xml:18:22-72
uses-permission#android.permission.GET_TASKS
ADDED from src\main\AndroidManifest.xml:28:5-68
MERGED from [:IMKit] AndroidManifest.xml:22:5-68
MERGED from [:IMKit] AndroidManifest.xml:22:5-68
	android:name
		ADDED from src\main\AndroidManifest.xml:28:22-65
uses-permission#android.permission.CAMERA
ADDED from src\main\AndroidManifest.xml:30:5-65
MERGED from [:IMKit] AndroidManifest.xml:13:5-65
MERGED from [:IMKit] AndroidManifest.xml:13:5-65
MERGED from [:CallLib] AndroidManifest.xml:11:5-65
MERGED from [:CallLib] AndroidManifest.xml:11:5-65
	android:name
		ADDED from src\main\AndroidManifest.xml:30:22-62
uses-permission#android.permission.ACCESS_LOCATION_EXTRA_COMMANDS
ADDED from src\main\AndroidManifest.xml:32:5-89
	android:name
		ADDED from src\main\AndroidManifest.xml:32:22-86
uses-permission#android.permission.CALL_PHONE
ADDED from src\main\AndroidManifest.xml:34:5-69
	android:name
		ADDED from src\main\AndroidManifest.xml:34:22-66
uses-permission#android.permission.ACCESS_COARSE_LOCATION
ADDED from src\main\AndroidManifest.xml:36:5-81
MERGED from [:IMKit] AndroidManifest.xml:12:5-81
MERGED from [:IMKit] AndroidManifest.xml:12:5-81
	android:name
		ADDED from src\main\AndroidManifest.xml:36:22-78
uses-permission#android.permission.ACCESS_FINE_LOCATION
ADDED from src\main\AndroidManifest.xml:38:5-79
MERGED from [:IMLib] AndroidManifest.xml:16:5-79
MERGED from [:IMLib] AndroidManifest.xml:16:5-79
	android:name
		ADDED from src\main\AndroidManifest.xml:38:22-76
uses-permission#android.permission.BODY_SENSORS
ADDED from src\main\AndroidManifest.xml:40:5-71
	android:name
		ADDED from src\main\AndroidManifest.xml:40:22-68
uses-permission#android.permission.BAIDU_LOCATION_SERVICE
ADDED from src\main\AndroidManifest.xml:41:5-81
	android:name
		ADDED from src\main\AndroidManifest.xml:41:22-78
uses-permission#android.permission.ACCES_MOCK_LOCATION
ADDED from src\main\AndroidManifest.xml:45:5-78
	android:name
		ADDED from src\main\AndroidManifest.xml:45:22-75
uses-permission#com.android.launcher.permission.READ_SETTINGS
ADDED from src\main\AndroidManifest.xml:47:5-85
	android:name
		ADDED from src\main\AndroidManifest.xml:47:22-82
uses-permission#android.permission.WAKE_LOCK
ADDED from src\main\AndroidManifest.xml:48:5-68
MERGED from [:IMLib] AndroidManifest.xml:15:5-68
MERGED from [:IMLib] AndroidManifest.xml:15:5-68
	android:name
		ADDED from src\main\AndroidManifest.xml:48:22-65
uses-permission#android.permission.ACCESS_GPS
ADDED from src\main\AndroidManifest.xml:51:5-69
	android:name
		ADDED from src\main\AndroidManifest.xml:51:22-66
uses-permission#android.permission.BROADCAST_STICKY
ADDED from src\main\AndroidManifest.xml:55:5-75
	android:name
		ADDED from src\main\AndroidManifest.xml:55:22-72
uses-permission#android.permission.PROCESS_OUTGOING_CALLS
ADDED from src\main\AndroidManifest.xml:58:5-81
MERGED from [:CallKit] AndroidManifest.xml:14:5-81
MERGED from [:CallKit] AndroidManifest.xml:14:5-81
MERGED from [:IMKit] AndroidManifest.xml:16:5-81
MERGED from [:IMKit] AndroidManifest.xml:16:5-81
	android:name
		ADDED from src\main\AndroidManifest.xml:58:22-78
uses-permission#android.permission.MODIFY_AUDIO_SETTINGS
ADDED from src\main\AndroidManifest.xml:60:5-80
MERGED from [:CallKit] AndroidManifest.xml:11:5-80
MERGED from [:CallKit] AndroidManifest.xml:11:5-80
MERGED from [:IMKit] AndroidManifest.xml:20:5-80
MERGED from [:IMKit] AndroidManifest.xml:20:5-80
MERGED from [:CallLib] AndroidManifest.xml:13:5-80
MERGED from [:CallLib] AndroidManifest.xml:13:5-80
	android:name
		ADDED from src\main\AndroidManifest.xml:60:22-77
uses-permission#android.permission.RECORD_AUDIO
ADDED from src\main\AndroidManifest.xml:61:5-71
MERGED from [:IMKit] AndroidManifest.xml:19:5-71
MERGED from [:IMKit] AndroidManifest.xml:19:5-71
MERGED from [:CallLib] AndroidManifest.xml:14:5-71
MERGED from [:CallLib] AndroidManifest.xml:14:5-71
	android:name
		ADDED from src\main\AndroidManifest.xml:61:22-68
uses-permission#android.permission.SYSTEM_ALERT_WINDOW
ADDED from src\main\AndroidManifest.xml:75:5-78
MERGED from [:CallKit] AndroidManifest.xml:16:5-78
MERGED from [:CallKit] AndroidManifest.xml:16:5-78
MERGED from [:IMKit] AndroidManifest.xml:17:5-78
MERGED from [:IMKit] AndroidManifest.xml:17:5-78
	android:name
		ADDED from src\main\AndroidManifest.xml:75:22-75
application
ADDED from src\main\AndroidManifest.xml:89:5-282:19
MERGED from [com.tamic:browse:1.0.0] AndroidManifest.xml:11:5-14:19
MERGED from [com.tamic:browse:1.0.0] AndroidManifest.xml:11:5-14:19
MERGED from [android.arch.lifecycle:extensions:1.1.1] AndroidManifest.xml:22:5-28:19
MERGED from [android.arch.lifecycle:extensions:1.1.1] AndroidManifest.xml:22:5-28:19
MERGED from [com.jaeger.statusbarutil:library:1.4.0] AndroidManifest.xml:11:5-20
MERGED from [com.jaeger.statusbarutil:library:1.4.0] AndroidManifest.xml:11:5-20
MERGED from [:CallKit] AndroidManifest.xml:21:5-69:19
MERGED from [:CallKit] AndroidManifest.xml:21:5-69:19
MERGED from [:RCSticker] AndroidManifest.xml:11:5-15:19
MERGED from [:RCSticker] AndroidManifest.xml:11:5-15:19
MERGED from [:IMKit] AndroidManifest.xml:25:5-101:19
MERGED from [:IMKit] AndroidManifest.xml:25:5-101:19
MERGED from [com.zhihu.android:matisse:0.5.0-alpha4] AndroidManifest.xml:27:5-31:19
MERGED from [com.zhihu.android:matisse:0.5.0-alpha4] AndroidManifest.xml:27:5-31:19
MERGED from [liji.library.dev:citypickerview:3.1.13] AndroidManifest.xml:11:5-35:19
MERGED from [liji.library.dev:citypickerview:3.1.13] AndroidManifest.xml:11:5-35:19
MERGED from [com.zhy:mpermission-api:1.0.1] AndroidManifest.xml:11:5-14:19
MERGED from [com.zhy:mpermission-api:1.0.1] AndroidManifest.xml:11:5-14:19
MERGED from [:IMLib] AndroidManifest.xml:18:5-80:19
MERGED from [:IMLib] AndroidManifest.xml:18:5-80:19
MERGED from [:CallLib] AndroidManifest.xml:21:5-22:19
MERGED from [:CallLib] AndroidManifest.xml:21:5-22:19
MERGED from [com.android.support.constraint:constraint-layout:1.0.2] AndroidManifest.xml:9:5-20
MERGED from [com.android.support.constraint:constraint-layout:1.0.2] AndroidManifest.xml:9:5-20
MERGED from [com.facebook.stetho:stetho-okhttp3:1.4.2] AndroidManifest.xml:11:5-20
MERGED from [com.facebook.stetho:stetho-okhttp3:1.4.2] AndroidManifest.xml:11:5-20
MERGED from [com.facebook.stetho:stetho:1.4.2] AndroidManifest.xml:11:5-20
MERGED from [com.facebook.stetho:stetho:1.4.2] AndroidManifest.xml:11:5-20
MERGED from [com.tbruyelle.rxpermissions:rxpermissions:0.7.0] AndroidManifest.xml:10:5-15:19
MERGED from [com.tbruyelle.rxpermissions:rxpermissions:0.7.0] AndroidManifest.xml:10:5-15:19
MERGED from [com.scwang.smartrefresh:SmartRefreshLayout:1.1.0-alpha-7] AndroidManifest.xml:11:5-15:19
MERGED from [com.scwang.smartrefresh:SmartRefreshLayout:1.1.0-alpha-7] AndroidManifest.xml:11:5-15:19
MERGED from [com.scwang.smartrefresh:SmartRefreshHeader:1.1.0-alpha-7] AndroidManifest.xml:11:5-15:19
MERGED from [com.scwang.smartrefresh:SmartRefreshHeader:1.1.0-alpha-7] AndroidManifest.xml:11:5-15:19
MERGED from [:alipaySdk-15.6.2-20190416165100-noUtdid:] AndroidManifest.xml:24:5-68:19
MERGED from [:alipaySdk-15.6.2-20190416165100-noUtdid:] AndroidManifest.xml:24:5-68:19
MERGED from [com.android.support:exifinterface:26.0.0] AndroidManifest.xml:22:5-26:19
MERGED from [com.android.support:exifinterface:26.0.0] AndroidManifest.xml:22:5-26:19
MERGED from [it.sephiroth.android.library.imagezoom:library:1.0.4] AndroidManifest.xml:5:5-19
MERGED from [it.sephiroth.android.library.imagezoom:library:1.0.4] AndroidManifest.xml:5:5-19
MERGED from [com.contrarywind:wheelview:4.0.8] AndroidManifest.xml:11:5-15:19
MERGED from [com.contrarywind:wheelview:4.0.8] AndroidManifest.xml:11:5-15:19
MERGED from [it.sephiroth.android.library.easing:library:1.0.2] AndroidManifest.xml:5:5-6:19
MERGED from [it.sephiroth.android.library.easing:library:1.0.2] AndroidManifest.xml:5:5-6:19
	android:supportsRtl
		ADDED from src\main\AndroidManifest.xml:94:9-35
	android:label
		ADDED from src\main\AndroidManifest.xml:93:9-41
	android:icon
		ADDED from src\main\AndroidManifest.xml:92:9-44
	android:allowBackup
		ADDED from src\main\AndroidManifest.xml:91:9-35
	android:theme
		ADDED from src\main\AndroidManifest.xml:95:9-40
	android:name
		ADDED from src\main\AndroidManifest.xml:90:9-41
activity#com.jilian.pinzi.ui.LoginActivity
ADDED from src\main\AndroidManifest.xml:96:9-54
	android:name
		ADDED from src\main\AndroidManifest.xml:96:19-51
activity#com.jilian.pinzi.ui.RegisterActivity
ADDED from src\main\AndroidManifest.xml:97:9-57
	android:name
		ADDED from src\main\AndroidManifest.xml:97:19-54
activity#com.jilian.pinzi.ui.PerfectInformationActivity
ADDED from src\main\AndroidManifest.xml:98:9-67
	android:name
		ADDED from src\main\AndroidManifest.xml:98:19-64
activity#com.jilian.pinzi.ui.UserCheckActivity
ADDED from src\main\AndroidManifest.xml:99:9-58
	android:name
		ADDED from src\main\AndroidManifest.xml:99:19-55
activity#com.jilian.pinzi.ui.ResetPwdActivity
ADDED from src\main\AndroidManifest.xml:100:9-57
	android:name
		ADDED from src\main\AndroidManifest.xml:100:19-54
activity#com.jilian.pinzi.ui.UserServiceActivity
ADDED from src\main\AndroidManifest.xml:101:9-60
	android:name
		ADDED from src\main\AndroidManifest.xml:101:19-57
activity#com.jilian.pinzi.ui.BindPhoneActivity
ADDED from src\main\AndroidManifest.xml:102:9-58
	android:name
		ADDED from src\main\AndroidManifest.xml:102:19-55
activity#com.jilian.pinzi.ui.NewsNoticeActivity
ADDED from src\main\AndroidManifest.xml:103:9-59
	android:name
		ADDED from src\main\AndroidManifest.xml:103:19-56
activity#com.jilian.pinzi.ui.MainActivity
ADDED from src\main\AndroidManifest.xml:105:9-107:76
	android:windowSoftInputMode
		ADDED from src\main\AndroidManifest.xml:107:13-73
	android:name
		ADDED from src\main\AndroidManifest.xml:106:13-44
activity#com.jilian.pinzi.ui.WelcomeActivity
ADDED from src\main\AndroidManifest.xml:108:9-119:20
	android:screenOrientation
		ADDED from src\main\AndroidManifest.xml:111:13-49
	android:windowSoftInputMode
		ADDED from src\main\AndroidManifest.xml:113:13-54
	android:configChanges
		ADDED from src\main\AndroidManifest.xml:110:13-43
	android:theme
		ADDED from src\main\AndroidManifest.xml:112:13-47
	android:name
		ADDED from src\main\AndroidManifest.xml:109:13-47
intent-filter#action:name:android.intent.action.MAIN+category:name:android.intent.category.LAUNCHER
ADDED from src\main\AndroidManifest.xml:114:13-118:29
action#android.intent.action.MAIN
ADDED from src\main\AndroidManifest.xml:115:17-69
	android:name
		ADDED from src\main\AndroidManifest.xml:115:25-66
category#android.intent.category.LAUNCHER
ADDED from src\main\AndroidManifest.xml:117:17-77
	android:name
		ADDED from src\main\AndroidManifest.xml:117:27-74
activity#com.jilian.pinzi.ui.my.MemberActivity
ADDED from src\main\AndroidManifest.xml:120:9-58
	android:name
		ADDED from src\main\AndroidManifest.xml:120:19-55
activity#com.jilian.pinzi.ui.my.WalletActivity
ADDED from src\main\AndroidManifest.xml:121:9-58
	android:name
		ADDED from src\main\AndroidManifest.xml:121:19-55
activity#com.jilian.pinzi.ui.my.MyTntegralActivity
ADDED from src\main\AndroidManifest.xml:122:9-62
	android:name
		ADDED from src\main\AndroidManifest.xml:122:19-59
activity#com.jilian.pinzi.ui.my.MyCouponsActivity
ADDED from src\main\AndroidManifest.xml:123:9-61
	android:name
		ADDED from src\main\AndroidManifest.xml:123:19-58
activity#com.jilian.pinzi.ui.my.MyCardActivity
ADDED from src\main\AndroidManifest.xml:124:9-58
	android:name
		ADDED from src\main\AndroidManifest.xml:124:19-55
activity#com.jilian.pinzi.ui.my.MyCollectionActivity
ADDED from src\main\AndroidManifest.xml:125:9-64
	android:name
		ADDED from src\main\AndroidManifest.xml:125:19-61
activity#com.jilian.pinzi.ui.my.MyFootActivity
ADDED from src\main\AndroidManifest.xml:126:9-58
	android:name
		ADDED from src\main\AndroidManifest.xml:126:19-55
activity#com.jilian.pinzi.ui.my.AddressManagerActivity
ADDED from src\main\AndroidManifest.xml:127:9-66
	android:name
		ADDED from src\main\AndroidManifest.xml:127:19-63
activity#com.jilian.pinzi.ui.my.AddAddressActivity
ADDED from src\main\AndroidManifest.xml:128:9-62
	android:name
		ADDED from src\main\AndroidManifest.xml:128:19-59
activity#com.jilian.pinzi.ui.my.MyLevelsActivity
ADDED from src\main\AndroidManifest.xml:129:9-132:15
	android:windowSoftInputMode
		ADDED from src\main\AndroidManifest.xml:130:19-61
	android:name
		ADDED from src\main\AndroidManifest.xml:129:19-57
activity#com.jilian.pinzi.ui.my.MyLevelsDetailActivity
ADDED from src\main\AndroidManifest.xml:133:9-66
	android:name
		ADDED from src\main\AndroidManifest.xml:133:19-63
activity#com.jilian.pinzi.ui.my.ShopAtActivity
ADDED from src\main\AndroidManifest.xml:134:9-58
	android:name
		ADDED from src\main\AndroidManifest.xml:134:19-55
activity#com.jilian.pinzi.ui.my.ServiceCenterActivity
ADDED from src\main\AndroidManifest.xml:135:9-65
	android:name
		ADDED from src\main\AndroidManifest.xml:135:19-62
activity#com.jilian.pinzi.ui.my.TopUpActivity
ADDED from src\main\AndroidManifest.xml:136:9-57
	android:name
		ADDED from src\main\AndroidManifest.xml:136:19-54
activity#com.jilian.pinzi.ui.my.TopUpSuccessActivity
ADDED from src\main\AndroidManifest.xml:137:9-64
	android:name
		ADDED from src\main\AndroidManifest.xml:137:19-61
activity#com.jilian.pinzi.ui.my.WithdrawalActivity
ADDED from src\main\AndroidManifest.xml:138:9-62
	android:name
		ADDED from src\main\AndroidManifest.xml:138:19-59
activity#com.jilian.pinzi.ui.my.WithdrawalAuditActivity
ADDED from src\main\AndroidManifest.xml:139:9-67
	android:name
		ADDED from src\main\AndroidManifest.xml:139:19-64
activity#com.jilian.pinzi.ui.my.MyCouponsRecordActivity
ADDED from src\main\AndroidManifest.xml:140:9-67
	android:name
		ADDED from src\main\AndroidManifest.xml:140:19-64
activity#com.jilian.pinzi.ui.my.MyTntegralRecordActivity
ADDED from src\main\AndroidManifest.xml:141:9-68
	android:name
		ADDED from src\main\AndroidManifest.xml:141:19-65
activity#com.jilian.pinzi.ui.my.MyInfoActivity
ADDED from src\main\AndroidManifest.xml:142:9-58
	android:name
		ADDED from src\main\AndroidManifest.xml:142:19-55
activity#com.jilian.pinzi.ui.my.UpdatePwdActivity
ADDED from src\main\AndroidManifest.xml:143:9-61
	android:name
		ADDED from src\main\AndroidManifest.xml:143:19-58
activity#com.jilian.pinzi.ui.my.MyCarddetailActivity
ADDED from src\main\AndroidManifest.xml:144:9-64
	android:name
		ADDED from src\main\AndroidManifest.xml:144:19-61
activity#com.jilian.pinzi.ui.my.SystemMsgActivity
ADDED from src\main\AndroidManifest.xml:145:9-61
	android:name
		ADDED from src\main\AndroidManifest.xml:145:19-58
activity#com.jilian.pinzi.ui.my.SystemMsgDetailActivity
ADDED from src\main\AndroidManifest.xml:146:9-67
	android:name
		ADDED from src\main\AndroidManifest.xml:146:19-64
activity#com.jilian.pinzi.ui.NewsNoticeDetailActivity
ADDED from src\main\AndroidManifest.xml:147:9-65
	android:name
		ADDED from src\main\AndroidManifest.xml:147:19-62
activity#com.jilian.pinzi.ui.SearchActivity
ADDED from src\main\AndroidManifest.xml:148:9-55
	android:name
		ADDED from src\main\AndroidManifest.xml:148:19-52
activity#com.jilian.pinzi.ui.my.MyCenterActivity
ADDED from src\main\AndroidManifest.xml:149:9-60
	android:name
		ADDED from src\main\AndroidManifest.xml:149:19-57
activity#com.jilian.pinzi.ui.my.MyShipmentActivity
ADDED from src\main\AndroidManifest.xml:150:9-62
	android:name
		ADDED from src\main\AndroidManifest.xml:150:19-59
activity#com.jilian.pinzi.ui.my.MyShipmentDetailActivity
ADDED from src\main\AndroidManifest.xml:151:9-68
	android:name
		ADDED from src\main\AndroidManifest.xml:151:19-65
activity#com.jilian.pinzi.ui.my.AboutWeActivity
ADDED from src\main\AndroidManifest.xml:152:9-59
	android:name
		ADDED from src\main\AndroidManifest.xml:152:19-56
activity#com.jilian.pinzi.ui.main.GetCardCenterActivity
ADDED from src\main\AndroidManifest.xml:153:9-67
	android:name
		ADDED from src\main\AndroidManifest.xml:153:19-64
activity#com.jilian.pinzi.ui.main.LotteryCenterActivity
ADDED from src\main\AndroidManifest.xml:154:9-67
	android:name
		ADDED from src\main\AndroidManifest.xml:154:19-64
activity#com.jilian.pinzi.ui.main.LotteryCenterRecordActivity
ADDED from src\main\AndroidManifest.xml:155:9-73
	android:name
		ADDED from src\main\AndroidManifest.xml:155:19-70
activity#com.jilian.pinzi.ui.main.IntegralMallActivity
ADDED from src\main\AndroidManifest.xml:156:9-66
	android:name
		ADDED from src\main\AndroidManifest.xml:156:19-63
activity#com.jilian.pinzi.ui.my.MyOrderActivity
ADDED from src\main\AndroidManifest.xml:157:9-59
	android:name
		ADDED from src\main\AndroidManifest.xml:157:19-56
activity#com.jilian.pinzi.ui.my.MyOrderWaitePayDetailActivity
ADDED from src\main\AndroidManifest.xml:158:9-73
	android:name
		ADDED from src\main\AndroidManifest.xml:158:19-70
activity#com.jilian.pinzi.ui.my.MyOrderWaiteGetGoodDetailActivity
ADDED from src\main\AndroidManifest.xml:159:9-77
	android:name
		ADDED from src\main\AndroidManifest.xml:159:19-74
activity#com.jilian.pinzi.ui.my.MyOrderFinishNoCommentDetailActivity
ADDED from src\main\AndroidManifest.xml:160:9-80
	android:name
		ADDED from src\main\AndroidManifest.xml:160:19-77
activity#com.jilian.pinzi.ui.my.MyOrderFinishHasCommentDetailActivity
ADDED from src\main\AndroidManifest.xml:161:9-81
	android:name
		ADDED from src\main\AndroidManifest.xml:161:19-78
activity#com.jilian.pinzi.ui.my.MyOrderCancelDetailActivity
ADDED from src\main\AndroidManifest.xml:162:9-71
	android:name
		ADDED from src\main\AndroidManifest.xml:162:19-68
activity#com.jilian.pinzi.ui.main.BuyCenterActivity
ADDED from src\main\AndroidManifest.xml:163:9-63
	android:name
		ADDED from src\main\AndroidManifest.xml:163:19-60
activity#com.jilian.pinzi.ui.main.SecondsKillZoneActivity
ADDED from src\main\AndroidManifest.xml:164:9-69
	android:name
		ADDED from src\main\AndroidManifest.xml:164:19-66
activity#com.jilian.pinzi.ui.main.SentimentRecommendedActivity
ADDED from src\main\AndroidManifest.xml:165:9-74
	android:name
		ADDED from src\main\AndroidManifest.xml:165:19-71
activity#com.jilian.pinzi.ui.main.MoreNewGoodsActivity
ADDED from src\main\AndroidManifest.xml:166:9-66
	android:name
		ADDED from src\main\AndroidManifest.xml:166:19-63
activity#com.jilian.pinzi.ui.main.MoreShopsActivity
ADDED from src\main\AndroidManifest.xml:167:9-63
	android:name
		ADDED from src\main\AndroidManifest.xml:167:19-60
activity#com.jilian.pinzi.ui.main.MoreGoodsActivity
ADDED from src\main\AndroidManifest.xml:168:9-63
	android:name
		ADDED from src\main\AndroidManifest.xml:168:19-60
activity#com.jilian.pinzi.ui.main.GoodsDetailActivity
ADDED from src\main\AndroidManifest.xml:169:9-171:15
	android:configChanges
		ADDED from src\main\AndroidManifest.xml:170:19-65
	android:name
		ADDED from src\main\AndroidManifest.xml:169:19-62
activity#com.jilian.pinzi.ui.friends.PublishFriendsActivity